<?xml version="1.0" encoding="UTF-8"?>
<!-- Generated by org.testng.reporters.JUnitReportReporter -->
<testsuite hostname="DESKTOP-9JHPJBD" failures="0" tests="1" name="Academy.E2EProject.ValidateTile" time="0.189" errors="0" timestamp="2022-06-22T16:59:22 CDT" skipped="0">
  <testcase classname="Academy.E2EProject.ValidateTile" name="basePageNavigation" time="0.189"/>
  <system-out/>
</testsuite> <!-- Academy.E2EProject.ValidateTile -->
