<?xml version="1.0" encoding="UTF-8"?>
<!-- Generated by org.testng.reporters.JUnitReportReporter -->
<testsuite hostname="DESKTOP-9JHPJBD" failures="0" tests="1" name="Academy.E2EProject.ValidateNavigationbar" time="0.314" errors="0" timestamp="2022-06-22T16:24:35 CDT" skipped="0">
  <testcase classname="Academy.E2EProject.ValidateNavigationbar" name="basePageNavigation" time="0.314"/>
  <system-out/>
</testsuite> <!-- Academy.E2EProject.ValidateNavigationbar -->
