<?xml version="1.0" encoding="UTF-8"?>
<!-- Generated by org.testng.reporters.JUnitReportReporter -->
<testsuite hostname="DESKTOP-9JHPJBD" failures="0" tests="1" name="Academy.E2EProject.ValidateNavigationbar" time="2.484" errors="0" timestamp="2022-06-22T17:04:28 CDT" skipped="0">
  <testcase classname="Academy.E2EProject.ValidateNavigationbar" name="basePageNavigation" time="2.484"/>
  <system-out/>
</testsuite> <!-- Academy.E2EProject.ValidateNavigationbar -->
