<?xml version="1.0" encoding="UTF-8"?>
<!-- Generated by org.testng.reporters.JUnitReportReporter -->
<testsuite hostname="DESKTOP-9JHPJBD" failures="0" tests="2" name="Academy.E2EProject.HomePage" time="147.920" errors="0" timestamp="2022-06-22T17:04:28 CDT" skipped="0">
  <testcase classname="Academy.E2EProject.HomePage" name="basePageNavigation" time="87.170"/>
  <system-out/>
  <testcase classname="Academy.E2EProject.HomePage" name="basePageNavigation" time="60.750"/>
  <system-out/>
</testsuite> <!-- Academy.E2EProject.HomePage -->
